==00:00:00:00.000 5792== Memcheck, a memory error detector
==00:00:00:00.000 5792== Copyright (C) 2002-2011, and GNU GPL'd, by Julian Seward et al.
==00:00:00:00.000 5792== Using Valgrind-3.7.0 and LibVEX; rerun with -h for copyright info
==00:00:00:00.000 5792== Command: ./kuip
==00:00:00:00.000 5792== Parent PID: 5788
==00:00:00:00.000 5792== 
--00:00:00:00.392 5792-- WARNING: Serious error when reading debug info
--00:00:00:00.392 5792-- When reading debug info from /lib/arm-linux-gnueabihf/ld-2.24.so:
--00:00:00:00.392 5792-- Ignoring non-Dwarf2/3/4 block in .debug_info
--00:00:00:00.392 5792-- WARNING: Serious error when reading debug info
--00:00:00:00.392 5792-- When reading debug info from /lib/arm-linux-gnueabihf/ld-2.24.so:
--00:00:00:00.392 5792-- Last block truncated in .debug_info; ignoring
--00:00:00:00.393 5792-- WARNING: Serious error when reading debug info
--00:00:00:00.393 5792-- When reading debug info from /lib/arm-linux-gnueabihf/ld-2.24.so:
--00:00:00:00.393 5792-- Overrun whilst reading .debug_ranges section(1)
==00:00:00:09.626 5792== Conditional jump or move depends on uninitialised value(s)
==00:00:00:09.627 5792==    at 0x401B230: index (in /lib/arm-linux-gnueabihf/ld-2.24.so)
==00:00:00:09.627 5792==  Uninitialised value was created by a stack allocation
==00:00:00:09.627 5792==    at 0x4001AA0: handle_ld_preload (in /lib/arm-linux-gnueabihf/ld-2.24.so)
==00:00:00:09.627 5792== 
{
   <insert_a_suppression_name_here>
   Memcheck:Cond
   fun:index
}
==00:00:00:09.627 5792== Conditional jump or move depends on uninitialised value(s)
==00:00:00:09.627 5792==    at 0x401B234: index (in /lib/arm-linux-gnueabihf/ld-2.24.so)
==00:00:00:09.627 5792==  Uninitialised value was created by a stack allocation
==00:00:00:09.627 5792==    at 0x4001AA0: handle_ld_preload (in /lib/arm-linux-gnueabihf/ld-2.24.so)
==00:00:00:09.627 5792== 
{
   <insert_a_suppression_name_here>
   Memcheck:Cond
   fun:index
}
==00:00:00:09.627 5792== Conditional jump or move depends on uninitialised value(s)
==00:00:00:09.627 5792==    at 0x4008B8C: expand_dynamic_string_token (in /lib/arm-linux-gnueabihf/ld-2.24.so)
==00:00:00:09.627 5792==  Uninitialised value was created by a stack allocation
==00:00:00:09.627 5792==    at 0x4001AA0: handle_ld_preload (in /lib/arm-linux-gnueabihf/ld-2.24.so)
==00:00:00:09.628 5792== 
{
   <insert_a_suppression_name_here>
   Memcheck:Cond
   fun:expand_dynamic_string_token
}
==00:00:00:09.631 5792== Conditional jump or move depends on uninitialised value(s)
==00:00:00:09.631 5792==    at 0x401B6E0: strlen (in /lib/arm-linux-gnueabihf/ld-2.24.so)
==00:00:00:09.631 5792==  Uninitialised value was created by a stack allocation
==00:00:00:09.631 5792==    at 0x4001AA0: handle_ld_preload (in /lib/arm-linux-gnueabihf/ld-2.24.so)
==00:00:00:09.631 5792== 
{
   <insert_a_suppression_name_here>
   Memcheck:Cond
   fun:strlen
}
==00:00:00:09.631 5792== Conditional jump or move depends on uninitialised value(s)
==00:00:00:09.631 5792==    at 0x401B6E4: strlen (in /lib/arm-linux-gnueabihf/ld-2.24.so)
==00:00:00:09.631 5792==  Uninitialised value was created by a stack allocation
==00:00:00:09.631 5792==    at 0x4001AA0: handle_ld_preload (in /lib/arm-linux-gnueabihf/ld-2.24.so)
==00:00:00:09.631 5792== 
{
   <insert_a_suppression_name_here>
   Memcheck:Cond
   fun:strlen
}
==00:00:00:09.632 5792== Conditional jump or move depends on uninitialised value(s)
==00:00:00:09.632 5792==    at 0x40194AC: __libc_memalign (in /lib/arm-linux-gnueabihf/ld-2.24.so)
==00:00:00:09.632 5792==  Uninitialised value was created by a stack allocation
==00:00:00:09.632 5792==    at 0x4001AA0: handle_ld_preload (in /lib/arm-linux-gnueabihf/ld-2.24.so)
==00:00:00:09.632 5792== 
{
   <insert_a_suppression_name_here>
   Memcheck:Cond
   fun:__libc_memalign
}
==00:00:00:09.632 5792== Conditional jump or move depends on uninitialised value(s)
==00:00:00:09.632 5792==    at 0x40194B8: __libc_memalign (in /lib/arm-linux-gnueabihf/ld-2.24.so)
==00:00:00:09.632 5792==  Uninitialised value was created by a stack allocation
==00:00:00:09.632 5792==    at 0x4001AA0: handle_ld_preload (in /lib/arm-linux-gnueabihf/ld-2.24.so)
==00:00:00:09.632 5792== 
{
   <insert_a_suppression_name_here>
   Memcheck:Cond
   fun:__libc_memalign
}
==00:00:00:09.632 5792== Conditional jump or move depends on uninitialised value(s)
==00:00:00:09.632 5792==    at 0x401C0F8: memcpy (in /lib/arm-linux-gnueabihf/ld-2.24.so)
==00:00:00:09.632 5792==  Uninitialised value was created by a stack allocation
==00:00:00:09.632 5792==    at 0x4001AA0: handle_ld_preload (in /lib/arm-linux-gnueabihf/ld-2.24.so)
==00:00:00:09.632 5792== 
{
   <insert_a_suppression_name_here>
   Memcheck:Cond
   fun:memcpy
}
==00:00:00:09.633 5792== Conditional jump or move depends on uninitialised value(s)
==00:00:00:09.633 5792==    at 0x401C118: memcpy (in /lib/arm-linux-gnueabihf/ld-2.24.so)
==00:00:00:09.633 5792==  Uninitialised value was created by a stack allocation
==00:00:00:09.633 5792==    at 0x4001AA0: handle_ld_preload (in /lib/arm-linux-gnueabihf/ld-2.24.so)
==00:00:00:09.633 5792== 
{
   <insert_a_suppression_name_here>
   Memcheck:Cond
   fun:memcpy
}
==00:00:00:09.633 5792== Conditional jump or move depends on uninitialised value(s)
==00:00:00:09.633 5792==    at 0x401C128: memcpy (in /lib/arm-linux-gnueabihf/ld-2.24.so)
==00:00:00:09.634 5792==  Uninitialised value was created by a stack allocation
==00:00:00:09.634 5792==    at 0x4001AA0: handle_ld_preload (in /lib/arm-linux-gnueabihf/ld-2.24.so)
==00:00:00:09.634 5792== 
{
   <insert_a_suppression_name_here>
   Memcheck:Cond
   fun:memcpy
}
==00:00:00:09.637 5792== Conditional jump or move depends on uninitialised value(s)
==00:00:00:09.637 5792==    at 0x401C144: memcpy (in /lib/arm-linux-gnueabihf/ld-2.24.so)
==00:00:00:09.637 5792==  Uninitialised value was created by a stack allocation
==00:00:00:09.637 5792==    at 0x4001AA0: handle_ld_preload (in /lib/arm-linux-gnueabihf/ld-2.24.so)
==00:00:00:09.637 5792== 
{
   <insert_a_suppression_name_here>
   Memcheck:Cond
   fun:memcpy
}
==00:00:00:09.638 5792== Conditional jump or move depends on uninitialised value(s)
==00:00:00:09.638 5792==    at 0x401C14C: memcpy (in /lib/arm-linux-gnueabihf/ld-2.24.so)
==00:00:00:09.638 5792==  Uninitialised value was created by a stack allocation
==00:00:00:09.638 5792==    at 0x4001AA0: handle_ld_preload (in /lib/arm-linux-gnueabihf/ld-2.24.so)
==00:00:00:09.638 5792== 
{
   <insert_a_suppression_name_here>
   Memcheck:Cond
   fun:memcpy
}
==00:00:00:09.638 5792== Conditional jump or move depends on uninitialised value(s)
==00:00:00:09.638 5792==    at 0x401C174: memcpy (in /lib/arm-linux-gnueabihf/ld-2.24.so)
==00:00:00:09.638 5792==  Uninitialised value was created by a stack allocation
==00:00:00:09.638 5792==    at 0x4001AA0: handle_ld_preload (in /lib/arm-linux-gnueabihf/ld-2.24.so)
==00:00:00:09.638 5792== 
{
   <insert_a_suppression_name_here>
   Memcheck:Cond
   fun:memcpy
}
==00:00:00:09.638 5792== Use of uninitialised value of size 4
==00:00:00:09.638 5792==    at 0x401C174: memcpy (in /lib/arm-linux-gnueabihf/ld-2.24.so)
==00:00:00:09.638 5792==  Uninitialised value was created by a stack allocation
==00:00:00:09.638 5792==    at 0x4001AA0: handle_ld_preload (in /lib/arm-linux-gnueabihf/ld-2.24.so)
==00:00:00:09.638 5792== 
{
   <insert_a_suppression_name_here>
   Memcheck:Value4
   fun:memcpy
}
==00:00:00:09.639 5792== Use of uninitialised value of size 4
==00:00:00:09.639 5792==    at 0x401C19C: memcpy (in /lib/arm-linux-gnueabihf/ld-2.24.so)
==00:00:00:09.639 5792==  Uninitialised value was created by a stack allocation
==00:00:00:09.639 5792==    at 0x4001AA0: handle_ld_preload (in /lib/arm-linux-gnueabihf/ld-2.24.so)
==00:00:00:09.639 5792== 
{
   <insert_a_suppression_name_here>
   Memcheck:Value4
   fun:memcpy
}
==00:00:00:09.639 5792== Conditional jump or move depends on uninitialised value(s)
==00:00:00:09.639 5792==    at 0x401C1B0: memcpy (in /lib/arm-linux-gnueabihf/ld-2.24.so)
==00:00:00:09.639 5792==  Uninitialised value was created by a stack allocation
==00:00:00:09.639 5792==    at 0x4001AA0: handle_ld_preload (in /lib/arm-linux-gnueabihf/ld-2.24.so)
==00:00:00:09.639 5792== 
{
   <insert_a_suppression_name_here>
   Memcheck:Cond
   fun:memcpy
}
==00:00:00:09.639 5792== Conditional jump or move depends on uninitialised value(s)
==00:00:00:09.639 5792==    at 0x401C1B4: memcpy (in /lib/arm-linux-gnueabihf/ld-2.24.so)
==00:00:00:09.639 5792==  Uninitialised value was created by a stack allocation
==00:00:00:09.639 5792==    at 0x4001AA0: handle_ld_preload (in /lib/arm-linux-gnueabihf/ld-2.24.so)
==00:00:00:09.639 5792== 
{
   <insert_a_suppression_name_here>
   Memcheck:Cond
   fun:memcpy
}
==00:00:00:09.640 5792== Conditional jump or move depends on uninitialised value(s)
==00:00:00:09.640 5792==    at 0x401C1C0: memcpy (in /lib/arm-linux-gnueabihf/ld-2.24.so)
==00:00:00:09.640 5792==  Uninitialised value was created by a stack allocation
==00:00:00:09.640 5792==    at 0x4001AA0: handle_ld_preload (in /lib/arm-linux-gnueabihf/ld-2.24.so)
==00:00:00:09.640 5792== 
{
   <insert_a_suppression_name_here>
   Memcheck:Cond
   fun:memcpy
}
==00:00:00:09.729 5792== Conditional jump or move depends on uninitialised value(s)
==00:00:00:09.729 5792==    at 0x40195EC: calloc (in /lib/arm-linux-gnueabihf/ld-2.24.so)
==00:00:00:09.729 5792==  Uninitialised value was created by a stack allocation
==00:00:00:09.730 5792==    at 0x4001AA0: handle_ld_preload (in /lib/arm-linux-gnueabihf/ld-2.24.so)
==00:00:00:09.730 5792== 
{
   <insert_a_suppression_name_here>
   Memcheck:Cond
   fun:calloc
}
==00:00:00:09.730 5792== Conditional jump or move depends on uninitialised value(s)
==00:00:00:09.730 5792==    at 0x400C6D4: _dl_new_object (in /lib/arm-linux-gnueabihf/ld-2.24.so)
==00:00:00:09.730 5792==  Uninitialised value was created by a stack allocation
==00:00:00:09.730 5792==    at 0x4001AA0: handle_ld_preload (in /lib/arm-linux-gnueabihf/ld-2.24.so)
==00:00:00:09.730 5792== 
{
   <insert_a_suppression_name_here>
   Memcheck:Cond
   fun:_dl_new_object
}
==00:00:00:09.730 5792== Use of uninitialised value of size 4
==00:00:00:09.730 5792==    at 0x400C6EC: _dl_new_object (in /lib/arm-linux-gnueabihf/ld-2.24.so)
==00:00:00:09.730 5792==  Uninitialised value was created by a stack allocation
==00:00:00:09.730 5792==    at 0x4001AA0: handle_ld_preload (in /lib/arm-linux-gnueabihf/ld-2.24.so)
==00:00:00:09.730 5792== 
{
   <insert_a_suppression_name_here>
   Memcheck:Value4
   fun:_dl_new_object
}
==00:00:00:09.730 5792== Use of uninitialised value of size 4
==00:00:00:09.730 5792==    at 0x401C140: memcpy (in /lib/arm-linux-gnueabihf/ld-2.24.so)
==00:00:00:09.731 5792==  Uninitialised value was created by a stack allocation
==00:00:00:09.731 5792==    at 0x4001AA0: handle_ld_preload (in /lib/arm-linux-gnueabihf/ld-2.24.so)
==00:00:00:09.731 5792== 
{
   <insert_a_suppression_name_here>
   Memcheck:Value4
   fun:memcpy
}
==00:00:00:09.731 5792== Use of uninitialised value of size 4
==00:00:00:09.731 5792==    at 0x400C704: _dl_new_object (in /lib/arm-linux-gnueabihf/ld-2.24.so)
==00:00:00:09.731 5792==  Uninitialised value was created by a stack allocation
==00:00:00:09.731 5792==    at 0x4001AA0: handle_ld_preload (in /lib/arm-linux-gnueabihf/ld-2.24.so)
==00:00:00:09.731 5792== 
{
   <insert_a_suppression_name_here>
   Memcheck:Value4
   fun:_dl_new_object
}
==00:00:00:09.731 5792== Use of uninitialised value of size 4
==00:00:00:09.731 5792==    at 0x400C724: _dl_new_object (in /lib/arm-linux-gnueabihf/ld-2.24.so)
==00:00:00:09.731 5792==  Uninitialised value was created by a stack allocation
==00:00:00:09.731 5792==    at 0x4001AA0: handle_ld_preload (in /lib/arm-linux-gnueabihf/ld-2.24.so)
==00:00:00:09.731 5792== 
{
   <insert_a_suppression_name_here>
   Memcheck:Value4
   fun:_dl_new_object
}
==00:00:00:09.731 5792== Use of uninitialised value of size 4
==00:00:00:09.731 5792==    at 0x400C7A0: _dl_new_object (in /lib/arm-linux-gnueabihf/ld-2.24.so)
==00:00:00:09.731 5792==  Uninitialised value was created by a stack allocation
==00:00:00:09.731 5792==    at 0x4001AA0: handle_ld_preload (in /lib/arm-linux-gnueabihf/ld-2.24.so)
==00:00:00:09.731 5792== 
{
   <insert_a_suppression_name_here>
   Memcheck:Value4
   fun:_dl_new_object
}
==00:00:00:09.732 5792== Use of uninitialised value of size 4
==00:00:00:09.733 5792==    at 0x400C7B4: _dl_new_object (in /lib/arm-linux-gnueabihf/ld-2.24.so)
==00:00:00:09.733 5792==  Uninitialised value was created by a stack allocation
==00:00:00:09.733 5792==    at 0x4001AA0: handle_ld_preload (in /lib/arm-linux-gnueabihf/ld-2.24.so)
==00:00:00:09.733 5792== 
{
   <insert_a_suppression_name_here>
   Memcheck:Value4
   fun:_dl_new_object
}
==00:00:00:09.734 5792== Use of uninitialised value of size 4
==00:00:00:09.734 5792==    at 0x400C880: _dl_new_object (in /lib/arm-linux-gnueabihf/ld-2.24.so)
==00:00:00:09.734 5792==  Uninitialised value was created by a stack allocation
==00:00:00:09.734 5792==    at 0x4001AA0: handle_ld_preload (in /lib/arm-linux-gnueabihf/ld-2.24.so)
==00:00:00:09.734 5792== 
{
   <insert_a_suppression_name_here>
   Memcheck:Value4
   fun:_dl_new_object
}
==00:00:00:09.735 5792== Use of uninitialised value of size 4
==00:00:00:09.735 5792==    at 0x400C7F0: _dl_new_object (in /lib/arm-linux-gnueabihf/ld-2.24.so)
==00:00:00:09.735 5792==  Uninitialised value was created by a stack allocation
==00:00:00:09.735 5792==    at 0x4001AA0: handle_ld_preload (in /lib/arm-linux-gnueabihf/ld-2.24.so)
==00:00:00:09.735 5792== 
{
   <insert_a_suppression_name_here>
   Memcheck:Value4
   fun:_dl_new_object
}
==00:00:00:09.737 5792== Conditional jump or move depends on uninitialised value(s)
==00:00:00:09.737 5792==    at 0x400C930: _dl_new_object (in /lib/arm-linux-gnueabihf/ld-2.24.so)
==00:00:00:09.737 5792==  Uninitialised value was created by a stack allocation
==00:00:00:09.737 5792==    at 0x4001AA0: handle_ld_preload (in /lib/arm-linux-gnueabihf/ld-2.24.so)
==00:00:00:09.737 5792== 
{
   <insert_a_suppression_name_here>
   Memcheck:Cond
   fun:_dl_new_object
}
==00:00:00:09.739 5792== Conditional jump or move depends on uninitialised value(s)
==00:00:00:09.739 5792==    at 0x401C104: memcpy (in /lib/arm-linux-gnueabihf/ld-2.24.so)
==00:00:00:09.739 5792==  Uninitialised value was created by a stack allocation
==00:00:00:09.739 5792==    at 0x4001AA0: handle_ld_preload (in /lib/arm-linux-gnueabihf/ld-2.24.so)
==00:00:00:09.739 5792== 
{
   <insert_a_suppression_name_here>
   Memcheck:Cond
   fun:memcpy
}
==00:00:00:09.740 5792== Use of uninitialised value of size 4
==00:00:00:09.740 5792==    at 0x400C8E4: _dl_new_object (in /lib/arm-linux-gnueabihf/ld-2.24.so)
==00:00:00:09.740 5792==  Uninitialised value was created by a stack allocation
==00:00:00:09.740 5792==    at 0x4001AA0: handle_ld_preload (in /lib/arm-linux-gnueabihf/ld-2.24.so)
==00:00:00:09.740 5792== 
{
   <insert_a_suppression_name_here>
   Memcheck:Value4
   fun:_dl_new_object
}
==00:00:00:09.744 5792== Use of uninitialised value of size 4
==00:00:00:09.744 5792==    at 0x400C900: _dl_new_object (in /lib/arm-linux-gnueabihf/ld-2.24.so)
==00:00:00:09.744 5792==  Uninitialised value was created by a stack allocation
==00:00:00:09.744 5792==    at 0x4001AA0: handle_ld_preload (in /lib/arm-linux-gnueabihf/ld-2.24.so)
==00:00:00:09.744 5792== 
{
   <insert_a_suppression_name_here>
   Memcheck:Value4
   fun:_dl_new_object
}
==00:00:00:09.744 5792== Use of uninitialised value of size 4
==00:00:00:09.744 5792==    at 0x400C870: _dl_new_object (in /lib/arm-linux-gnueabihf/ld-2.24.so)
==00:00:00:09.744 5792==  Uninitialised value was created by a stack allocation
==00:00:00:09.744 5792==    at 0x4001AA0: handle_ld_preload (in /lib/arm-linux-gnueabihf/ld-2.24.so)
==00:00:00:09.744 5792== 
{
   <insert_a_suppression_name_here>
   Memcheck:Value4
   fun:_dl_new_object
}
==00:00:00:09.745 5792== Conditional jump or move depends on uninitialised value(s)
==00:00:00:09.745 5792==    at 0x40064AC: _dl_map_object_from_fd (in /lib/arm-linux-gnueabihf/ld-2.24.so)
==00:00:00:09.745 5792==  Uninitialised value was created by a stack allocation
==00:00:00:09.745 5792==    at 0x4001AA0: handle_ld_preload (in /lib/arm-linux-gnueabihf/ld-2.24.so)
==00:00:00:09.745 5792== 
{
   <insert_a_suppression_name_here>
   Memcheck:Cond
   fun:_dl_map_object_from_fd
}
==00:00:00:09.747 5792== Use of uninitialised value of size 4
==00:00:00:09.748 5792==    at 0x40064D8: _dl_map_object_from_fd (in /lib/arm-linux-gnueabihf/ld-2.24.so)
==00:00:00:09.748 5792==  Uninitialised value was created by a stack allocation
==00:00:00:09.748 5792==    at 0x4001AA0: handle_ld_preload (in /lib/arm-linux-gnueabihf/ld-2.24.so)
==00:00:00:09.748 5792== 
{
   <insert_a_suppression_name_here>
   Memcheck:Value4
   fun:_dl_map_object_from_fd
}
==00:00:00:09.748 5792== Use of uninitialised value of size 4
==00:00:00:09.748 5792==    at 0x40064DC: _dl_map_object_from_fd (in /lib/arm-linux-gnueabihf/ld-2.24.so)
==00:00:00:09.748 5792==  Uninitialised value was created by a stack allocation
==00:00:00:09.748 5792==    at 0x4001AA0: handle_ld_preload (in /lib/arm-linux-gnueabihf/ld-2.24.so)
==00:00:00:09.748 5792== 
{
   <insert_a_suppression_name_here>
   Memcheck:Value4
   fun:_dl_map_object_from_fd
}
==00:00:00:09.761 5792== Use of uninitialised value of size 4
==00:00:00:09.761 5792==    at 0x4006578: _dl_map_object_from_fd (in /lib/arm-linux-gnueabihf/ld-2.24.so)
==00:00:00:09.761 5792==  Uninitialised value was created by a stack allocation
==00:00:00:09.762 5792==    at 0x4001AA0: handle_ld_preload (in /lib/arm-linux-gnueabihf/ld-2.24.so)
==00:00:00:09.762 5792== 
{
   <insert_a_suppression_name_here>
   Memcheck:Value4
   fun:_dl_map_object_from_fd
}
==00:00:00:09.767 5792== Use of uninitialised value of size 4
==00:00:00:09.767 5792==    at 0x40065BC: _dl_map_object_from_fd (in /lib/arm-linux-gnueabihf/ld-2.24.so)
==00:00:00:09.767 5792==  Uninitialised value was created by a stack allocation
==00:00:00:09.767 5792==    at 0x4001AA0: handle_ld_preload (in /lib/arm-linux-gnueabihf/ld-2.24.so)
==00:00:00:09.767 5792== 
{
   <insert_a_suppression_name_here>
   Memcheck:Value4
   fun:_dl_map_object_from_fd
}
==00:00:00:09.767 5792== Use of uninitialised value of size 4
==00:00:00:09.767 5792==    at 0x40065C0: _dl_map_object_from_fd (in /lib/arm-linux-gnueabihf/ld-2.24.so)
==00:00:00:09.767 5792==  Uninitialised value was created by a stack allocation
==00:00:00:09.767 5792==    at 0x4001AA0: handle_ld_preload (in /lib/arm-linux-gnueabihf/ld-2.24.so)
==00:00:00:09.767 5792== 
{
   <insert_a_suppression_name_here>
   Memcheck:Value4
   fun:_dl_map_object_from_fd
}
==00:00:00:09.770 5792== Use of uninitialised value of size 4
==00:00:00:09.770 5792==    at 0x4006748: _dl_map_object_from_fd (in /lib/arm-linux-gnueabihf/ld-2.24.so)
==00:00:00:09.770 5792==  Uninitialised value was created by a stack allocation
==00:00:00:09.770 5792==    at 0x4001AA0: handle_ld_preload (in /lib/arm-linux-gnueabihf/ld-2.24.so)
==00:00:00:09.770 5792== 
{
   <insert_a_suppression_name_here>
   Memcheck:Value4
   fun:_dl_map_object_from_fd
}
==00:00:00:09.778 5792== Use of uninitialised value of size 4
==00:00:00:09.778 5792==    at 0x40067D4: _dl_map_object_from_fd (in /lib/arm-linux-gnueabihf/ld-2.24.so)
==00:00:00:09.778 5792==  Uninitialised value was created by a stack allocation
==00:00:00:09.778 5792==    at 0x4001AA0: handle_ld_preload (in /lib/arm-linux-gnueabihf/ld-2.24.so)
==00:00:00:09.778 5792== 
{
   <insert_a_suppression_name_here>
   Memcheck:Value4
   fun:_dl_map_object_from_fd
}
==00:00:00:09.779 5792== Use of uninitialised value of size 4
==00:00:00:09.779 5792==    at 0x40067EC: _dl_map_object_from_fd (in /lib/arm-linux-gnueabihf/ld-2.24.so)
==00:00:00:09.779 5792==  Uninitialised value was created by a stack allocation
==00:00:00:09.779 5792==    at 0x4001AA0: handle_ld_preload (in /lib/arm-linux-gnueabihf/ld-2.24.so)
==00:00:00:09.780 5792== 
{
   <insert_a_suppression_name_here>
   Memcheck:Value4
   fun:_dl_map_object_from_fd
}
==00:00:00:09.784 5792== Use of uninitialised value of size 4
==00:00:00:09.784 5792==    at 0x40067F8: _dl_map_object_from_fd (in /lib/arm-linux-gnueabihf/ld-2.24.so)
==00:00:00:09.784 5792==  Uninitialised value was created by a stack allocation
==00:00:00:09.784 5792==    at 0x4001AA0: handle_ld_preload (in /lib/arm-linux-gnueabihf/ld-2.24.so)
==00:00:00:09.784 5792== 
{
   <insert_a_suppression_name_here>
   Memcheck:Value4
   fun:_dl_map_object_from_fd
}
==00:00:00:09.788 5792== Use of uninitialised value of size 4
==00:00:00:09.788 5792==    at 0x4007098: _dl_map_object_from_fd (in /lib/arm-linux-gnueabihf/ld-2.24.so)
==00:00:00:09.788 5792==  Uninitialised value was created by a stack allocation
==00:00:00:09.788 5792==    at 0x4001AA0: handle_ld_preload (in /lib/arm-linux-gnueabihf/ld-2.24.so)
==00:00:00:09.788 5792== 
{
   <insert_a_suppression_name_here>
   Memcheck:Value4
   fun:_dl_map_object_from_fd
}
==00:00:00:09.793 5792== Use of uninitialised value of size 4
==00:00:00:09.793 5792==    at 0x40068B8: _dl_map_object_from_fd (in /lib/arm-linux-gnueabihf/ld-2.24.so)
==00:00:00:09.793 5792==  Uninitialised value was created by a stack allocation
==00:00:00:09.793 5792==    at 0x4001AA0: handle_ld_preload (in /lib/arm-linux-gnueabihf/ld-2.24.so)
==00:00:00:09.793 5792== 
{
   <insert_a_suppression_name_here>
   Memcheck:Value4
   fun:_dl_map_object_from_fd
}
==00:00:00:09.921 5792== Conditional jump or move depends on uninitialised value(s)
==00:00:00:09.921 5792==    at 0x40124A0: _dl_name_match_p (in /lib/arm-linux-gnueabihf/ld-2.24.so)
==00:00:00:09.921 5792==  Uninitialised value was created by a stack allocation
==00:00:00:09.921 5792==    at 0x4001AA0: handle_ld_preload (in /lib/arm-linux-gnueabihf/ld-2.24.so)
==00:00:00:09.921 5792== 
{
   <insert_a_suppression_name_here>
   Memcheck:Cond
   fun:_dl_name_match_p
}
==00:00:00:09.922 5792== Use of uninitialised value of size 4
==00:00:00:09.922 5792==    at 0x40124B4: _dl_name_match_p (in /lib/arm-linux-gnueabihf/ld-2.24.so)
==00:00:00:09.922 5792==  Uninitialised value was created by a stack allocation
==00:00:00:09.922 5792==    at 0x4001AA0: handle_ld_preload (in /lib/arm-linux-gnueabihf/ld-2.24.so)
==00:00:00:09.922 5792== 
{
   <insert_a_suppression_name_here>
   Memcheck:Value4
   fun:_dl_name_match_p
}
==00:00:00:09.922 5792== Use of uninitialised value of size 4
==00:00:00:09.922 5792==    at 0x401B280: strcmp (in /lib/arm-linux-gnueabihf/ld-2.24.so)
==00:00:00:09.922 5792==  Uninitialised value was created by a stack allocation
==00:00:00:09.922 5792==    at 0x4001AA0: handle_ld_preload (in /lib/arm-linux-gnueabihf/ld-2.24.so)
==00:00:00:09.922 5792== 
{
   <insert_a_suppression_name_here>
   Memcheck:Value4
   fun:strcmp
}
==00:00:00:09.922 5792== Use of uninitialised value of size 4
==00:00:00:09.922 5792==    at 0x40124A8: _dl_name_match_p (in /lib/arm-linux-gnueabihf/ld-2.24.so)
==00:00:00:09.922 5792==  Uninitialised value was created by a stack allocation
==00:00:00:09.922 5792==    at 0x4001AA0: handle_ld_preload (in /lib/arm-linux-gnueabihf/ld-2.24.so)
==00:00:00:09.922 5792== 
{
   <insert_a_suppression_name_here>
   Memcheck:Value4
   fun:_dl_name_match_p
}
==00:00:00:09.923 5792== Conditional jump or move depends on uninitialised value(s)
==00:00:00:09.923 5792==    at 0x401B678: strdup (in /lib/arm-linux-gnueabihf/ld-2.24.so)
==00:00:00:09.923 5792==  Uninitialised value was created by a stack allocation
==00:00:00:09.923 5792==    at 0x4001AA0: handle_ld_preload (in /lib/arm-linux-gnueabihf/ld-2.24.so)
==00:00:00:09.923 5792== 
{
   <insert_a_suppression_name_here>
   Memcheck:Cond
   fun:strdup
}
==00:00:00:09.923 5792== Conditional jump or move depends on uninitialised value(s)
==00:00:00:09.923 5792==    at 0x401C170: memcpy (in /lib/arm-linux-gnueabihf/ld-2.24.so)
==00:00:00:09.923 5792==  Uninitialised value was created by a stack allocation
==00:00:00:09.923 5792==    at 0x4001AA0: handle_ld_preload (in /lib/arm-linux-gnueabihf/ld-2.24.so)
==00:00:00:09.923 5792== 
{
   <insert_a_suppression_name_here>
   Memcheck:Cond
   fun:memcpy
}
==00:00:00:09.923 5792== Use of uninitialised value of size 4
==00:00:00:09.923 5792==    at 0x401C170: memcpy (in /lib/arm-linux-gnueabihf/ld-2.24.so)
==00:00:00:09.923 5792==  Uninitialised value was created by a stack allocation
==00:00:00:09.923 5792==    at 0x4001AA0: handle_ld_preload (in /lib/arm-linux-gnueabihf/ld-2.24.so)
==00:00:00:09.924 5792== 
{
   <insert_a_suppression_name_here>
   Memcheck:Value4
   fun:memcpy
}
==00:00:00:09.924 5792== Use of uninitialised value of size 4
==00:00:00:09.924 5792==    at 0x401C198: memcpy (in /lib/arm-linux-gnueabihf/ld-2.24.so)
==00:00:00:09.924 5792==  Uninitialised value was created by a stack allocation
==00:00:00:09.924 5792==    at 0x4001AA0: handle_ld_preload (in /lib/arm-linux-gnueabihf/ld-2.24.so)
==00:00:00:09.924 5792== 
{
   <insert_a_suppression_name_here>
   Memcheck:Value4
   fun:memcpy
}
==00:00:00:09.924 5792== Conditional jump or move depends on uninitialised value(s)
==00:00:00:09.924 5792==    at 0x40098F8: _dl_map_object (in /lib/arm-linux-gnueabihf/ld-2.24.so)
==00:00:00:09.924 5792==  Uninitialised value was created by a stack allocation
==00:00:00:09.924 5792==    at 0x4001AA0: handle_ld_preload (in /lib/arm-linux-gnueabihf/ld-2.24.so)
==00:00:00:09.924 5792== 
{
   <insert_a_suppression_name_here>
   Memcheck:Cond
   fun:_dl_map_object
}
==00:00:00:09.924 5792== Syscall param open(filename) contains uninitialised byte(s)
==00:00:00:09.924 5792==    at 0x401ABBC: open (in /lib/arm-linux-gnueabihf/ld-2.24.so)
==00:00:00:09.924 5792==  Uninitialised value was created by a stack allocation
==00:00:00:09.925 5792==    at 0x4001AA0: handle_ld_preload (in /lib/arm-linux-gnueabihf/ld-2.24.so)
==00:00:00:09.925 5792== 
{
   <insert_a_suppression_name_here>
   Memcheck:Param
   open(filename)
   fun:open
}
==00:00:00:09.933 5792== Use of uninitialised value of size 4
==00:00:00:09.934 5792==    at 0x400C70C: _dl_new_object (in /lib/arm-linux-gnueabihf/ld-2.24.so)
==00:00:00:09.934 5792==  Uninitialised value was created by a stack allocation
==00:00:00:09.934 5792==    at 0x4001AA0: handle_ld_preload (in /lib/arm-linux-gnueabihf/ld-2.24.so)
==00:00:00:09.934 5792== 
{
   <insert_a_suppression_name_here>
   Memcheck:Value4
   fun:_dl_new_object
}
==00:00:00:09.934 5792== Use of uninitialised value of size 4
==00:00:00:09.934 5792==    at 0x401B690: strlen (in /lib/arm-linux-gnueabihf/ld-2.24.so)
==00:00:00:09.934 5792==  Uninitialised value was created by a stack allocation
==00:00:00:09.934 5792==    at 0x4001AA0: handle_ld_preload (in /lib/arm-linux-gnueabihf/ld-2.24.so)
==00:00:00:09.934 5792== 
{
   <insert_a_suppression_name_here>
   Memcheck:Value4
   fun:strlen
}
==00:00:00:09.934 5792== Use of uninitialised value of size 4
==00:00:00:09.934 5792==    at 0x401B6A8: strlen (in /lib/arm-linux-gnueabihf/ld-2.24.so)
==00:00:00:09.934 5792==  Uninitialised value was created by a stack allocation
==00:00:00:09.934 5792==    at 0x4001AA0: handle_ld_preload (in /lib/arm-linux-gnueabihf/ld-2.24.so)
==00:00:00:09.934 5792== 
{
   <insert_a_suppression_name_here>
   Memcheck:Value4
   fun:strlen
}
==00:00:00:09.934 5792== Use of uninitialised value of size 4
==00:00:00:09.935 5792==    at 0x401C138: memcpy (in /lib/arm-linux-gnueabihf/ld-2.24.so)
==00:00:00:09.935 5792==  Uninitialised value was created by a stack allocation
==00:00:00:09.935 5792==    at 0x4001AA0: handle_ld_preload (in /lib/arm-linux-gnueabihf/ld-2.24.so)
==00:00:00:09.935 5792== 
{
   <insert_a_suppression_name_here>
   Memcheck:Value4
   fun:memcpy
}
==00:00:00:10.213 5792== Conditional jump or move depends on uninitialised value(s)
==00:00:00:10.213 5792==    at 0x4009CBC: _dl_map_object (in /lib/arm-linux-gnueabihf/ld-2.24.so)
==00:00:00:10.213 5792==  Uninitialised value was created by a stack allocation
==00:00:00:10.213 5792==    at 0x4001AA0: handle_ld_preload (in /lib/arm-linux-gnueabihf/ld-2.24.so)
==00:00:00:10.214 5792== 
{
   <insert_a_suppression_name_here>
   Memcheck:Cond
   fun:_dl_map_object
}
==00:00:00:10.236 5792== Use of uninitialised value of size 4
==00:00:00:10.237 5792==    at 0x401C2B0: memcpy (in /lib/arm-linux-gnueabihf/ld-2.24.so)
==00:00:00:10.237 5792==  Uninitialised value was created by a stack allocation
==00:00:00:10.237 5792==    at 0x4001AA0: handle_ld_preload (in /lib/arm-linux-gnueabihf/ld-2.24.so)
==00:00:00:10.237 5792== 
{
   <insert_a_suppression_name_here>
   Memcheck:Value4
   fun:memcpy
}
==00:00:00:10.237 5792== Use of uninitialised value of size 4
==00:00:00:10.237 5792==    at 0x401C1BC: memcpy (in /lib/arm-linux-gnueabihf/ld-2.24.so)
==00:00:00:10.237 5792==  Uninitialised value was created by a stack allocation
==00:00:00:10.237 5792==    at 0x4001AA0: handle_ld_preload (in /lib/arm-linux-gnueabihf/ld-2.24.so)
==00:00:00:10.237 5792== 
{
   <insert_a_suppression_name_here>
   Memcheck:Value4
   fun:memcpy
}
==00:00:00:10.237 5792== Use of uninitialised value of size 4
==00:00:00:10.237 5792==    at 0x401C1C0: memcpy (in /lib/arm-linux-gnueabihf/ld-2.24.so)
==00:00:00:10.237 5792==  Uninitialised value was created by a stack allocation
==00:00:00:10.237 5792==    at 0x4001AA0: handle_ld_preload (in /lib/arm-linux-gnueabihf/ld-2.24.so)
==00:00:00:10.237 5792== 
{
   <insert_a_suppression_name_here>
   Memcheck:Value4
   fun:memcpy
}
==00:00:00:10.237 5792== Use of uninitialised value of size 4
==00:00:00:10.237 5792==    at 0x401C1C4: memcpy (in /lib/arm-linux-gnueabihf/ld-2.24.so)
==00:00:00:10.237 5792==  Uninitialised value was created by a stack allocation
==00:00:00:10.238 5792==    at 0x4001AA0: handle_ld_preload (in /lib/arm-linux-gnueabihf/ld-2.24.so)
==00:00:00:10.238 5792== 
{
   <insert_a_suppression_name_here>
   Memcheck:Value4
   fun:memcpy
}
--00:00:00:10.242 5792-- WARNING: Serious error when reading debug info
--00:00:00:10.242 5792-- When reading debug info from /lib/arm-linux-gnueabihf/librt-2.24.so:
--00:00:00:10.242 5792-- Ignoring non-Dwarf2/3/4 block in .debug_info
--00:00:00:10.242 5792-- WARNING: Serious error when reading debug info
--00:00:00:10.242 5792-- When reading debug info from /lib/arm-linux-gnueabihf/librt-2.24.so:
--00:00:00:10.242 5792-- Last block truncated in .debug_info; ignoring
--00:00:00:10.242 5792-- WARNING: Serious error when reading debug info
--00:00:00:10.242 5792-- When reading debug info from /lib/arm-linux-gnueabihf/librt-2.24.so:
--00:00:00:10.242 5792-- Overrun whilst reading .debug_ranges section(1)
==00:00:00:10.269 5792== Conditional jump or move depends on uninitialised value(s)
==00:00:00:10.269 5792==    at 0x401C158: memcpy (in /lib/arm-linux-gnueabihf/ld-2.24.so)
==00:00:00:10.269 5792==  Uninitialised value was created by a stack allocation
==00:00:00:10.269 5792==    at 0x401C0F0: memcpy (in /lib/arm-linux-gnueabihf/ld-2.24.so)
==00:00:00:10.269 5792== 
{
   <insert_a_suppression_name_here>
   Memcheck:Cond
   fun:memcpy
}
--00:00:00:10.290 5792-- WARNING: Serious error when reading debug info
--00:00:00:10.290 5792-- When reading debug info from /lib/arm-linux-gnueabihf/libm-2.24.so:
--00:00:00:10.290 5792-- Ignoring non-Dwarf2/3/4 block in .debug_info
--00:00:00:10.290 5792-- WARNING: Serious error when reading debug info
--00:00:00:10.290 5792-- When reading debug info from /lib/arm-linux-gnueabihf/libm-2.24.so:
--00:00:00:10.290 5792-- Last block truncated in .debug_info; ignoring
--00:00:00:10.290 5792-- WARNING: Serious error when reading debug info
--00:00:00:10.290 5792-- When reading debug info from /lib/arm-linux-gnueabihf/libm-2.24.so:
--00:00:00:10.290 5792-- Overrun whilst reading .debug_ranges section(1)
==00:00:00:10.297 5792== Conditional jump or move depends on uninitialised value(s)
==00:00:00:10.297 5792==    at 0x401C178: memcpy (in /lib/arm-linux-gnueabihf/ld-2.24.so)
==00:00:00:10.297 5792==  Uninitialised value was created by a stack allocation
==00:00:00:10.297 5792==    at 0x401C0F0: memcpy (in /lib/arm-linux-gnueabihf/ld-2.24.so)
==00:00:00:10.297 5792== 
{
   <insert_a_suppression_name_here>
   Memcheck:Cond
   fun:memcpy
}
==00:00:00:10.298 5792== Use of uninitialised value of size 4
==00:00:00:10.298 5792==    at 0x401C178: memcpy (in /lib/arm-linux-gnueabihf/ld-2.24.so)
==00:00:00:10.298 5792==  Uninitialised value was created by a stack allocation
==00:00:00:10.298 5792==    at 0x401C0F0: memcpy (in /lib/arm-linux-gnueabihf/ld-2.24.so)
==00:00:00:10.298 5792== 
{
   <insert_a_suppression_name_here>
   Memcheck:Value4
   fun:memcpy
}
==00:00:00:10.298 5792== Use of uninitialised value of size 4
==00:00:00:10.298 5792==    at 0x401C1A0: memcpy (in /lib/arm-linux-gnueabihf/ld-2.24.so)
==00:00:00:10.298 5792==  Uninitialised value was created by a stack allocation
==00:00:00:10.298 5792==    at 0x401C0F0: memcpy (in /lib/arm-linux-gnueabihf/ld-2.24.so)
==00:00:00:10.298 5792== 
{
   <insert_a_suppression_name_here>
   Memcheck:Value4
   fun:memcpy
}
==00:00:00:10.299 5792== Use of uninitialised value of size 4
==00:00:00:10.299 5792==    at 0x401C1A4: memcpy (in /lib/arm-linux-gnueabihf/ld-2.24.so)
==00:00:00:10.299 5792==  Uninitialised value was created by a stack allocation
==00:00:00:10.299 5792==    at 0x4001AA0: handle_ld_preload (in /lib/arm-linux-gnueabihf/ld-2.24.so)
==00:00:00:10.299 5792== 
{
   <insert_a_suppression_name_here>
   Memcheck:Value4
   fun:memcpy
}
==00:00:00:10.317 5792== Use of uninitialised value of size 4
==00:00:00:10.317 5792==    at 0x4006604: _dl_map_object_from_fd (in /lib/arm-linux-gnueabihf/ld-2.24.so)
==00:00:00:10.317 5792==  Uninitialised value was created by a stack allocation
==00:00:00:10.317 5792==    at 0x4001AA0: handle_ld_preload (in /lib/arm-linux-gnueabihf/ld-2.24.so)
==00:00:00:10.317 5792== 
{
   <insert_a_suppression_name_here>
   Memcheck:Value4
   fun:_dl_map_object_from_fd
}
==00:00:00:10.321 5792== Use of uninitialised value of size 4
==00:00:00:10.322 5792==    at 0x40066F4: _dl_map_object_from_fd (in /lib/arm-linux-gnueabihf/ld-2.24.so)
==00:00:00:10.322 5792==  Uninitialised value was created by a stack allocation
==00:00:00:10.322 5792==    at 0x4001AA0: handle_ld_preload (in /lib/arm-linux-gnueabihf/ld-2.24.so)
==00:00:00:10.322 5792== 
{
   <insert_a_suppression_name_here>
   Memcheck:Value4
   fun:_dl_map_object_from_fd
}
==00:00:00:10.324 5792== Use of uninitialised value of size 4
==00:00:00:10.324 5792==    at 0x4006714: _dl_map_object_from_fd (in /lib/arm-linux-gnueabihf/ld-2.24.so)
==00:00:00:10.324 5792==  Uninitialised value was created by a stack allocation
==00:00:00:10.324 5792==    at 0x4001AA0: handle_ld_preload (in /lib/arm-linux-gnueabihf/ld-2.24.so)
==00:00:00:10.324 5792== 
{
   <insert_a_suppression_name_here>
   Memcheck:Value4
   fun:_dl_map_object_from_fd
}
==00:00:00:10.325 5792== Use of uninitialised value of size 4
==00:00:00:10.325 5792==    at 0x400672C: _dl_map_object_from_fd (in /lib/arm-linux-gnueabihf/ld-2.24.so)
==00:00:00:10.325 5792==  Uninitialised value was created by a stack allocation
==00:00:00:10.325 5792==    at 0x4001AA0: handle_ld_preload (in /lib/arm-linux-gnueabihf/ld-2.24.so)
==00:00:00:10.325 5792== 
{
   <insert_a_suppression_name_here>
   Memcheck:Value4
   fun:_dl_map_object_from_fd
}
==00:00:00:10.328 5792== Use of uninitialised value of size 4
==00:00:00:10.328 5792==    at 0x400673C: _dl_map_object_from_fd (in /lib/arm-linux-gnueabihf/ld-2.24.so)
==00:00:00:10.328 5792==  Uninitialised value was created by a stack allocation
==00:00:00:10.328 5792==    at 0x4001AA0: handle_ld_preload (in /lib/arm-linux-gnueabihf/ld-2.24.so)
==00:00:00:10.328 5792== 
{
   <insert_a_suppression_name_here>
   Memcheck:Value4
   fun:_dl_map_object_from_fd
}
--00:00:00:10.371 5792-- WARNING: Serious error when reading debug info
--00:00:00:10.371 5792-- When reading debug info from /lib/arm-linux-gnueabihf/libc-2.24.so:
--00:00:00:10.371 5792-- Ignoring non-Dwarf2/3/4 block in .debug_info
--00:00:00:10.371 5792-- WARNING: Serious error when reading debug info
--00:00:00:10.371 5792-- When reading debug info from /lib/arm-linux-gnueabihf/libc-2.24.so:
--00:00:00:10.371 5792-- Last block truncated in .debug_info; ignoring
--00:00:00:10.372 5792-- WARNING: Serious error when reading debug info
--00:00:00:10.372 5792-- When reading debug info from /lib/arm-linux-gnueabihf/libc-2.24.so:
--00:00:00:10.372 5792-- Overrun whilst reading .debug_ranges section(1)
==00:00:00:11.102 5792== Conditional jump or move depends on uninitialised value(s)
==00:00:00:11.102 5792==    at 0x400F17C: _dl_map_object_deps (in /lib/arm-linux-gnueabihf/ld-2.24.so)
==00:00:00:11.102 5792==  Uninitialised value was created by a stack allocation
==00:00:00:11.102 5792==    at 0x4001AA0: handle_ld_preload (in /lib/arm-linux-gnueabihf/ld-2.24.so)
==00:00:00:11.102 5792== 
{
   <insert_a_suppression_name_here>
   Memcheck:Cond
   fun:_dl_map_object_deps
}
==00:00:00:11.104 5792== Use of uninitialised value of size 4
==00:00:00:11.104 5792==    at 0x400F190: _dl_map_object_deps (in /lib/arm-linux-gnueabihf/ld-2.24.so)
==00:00:00:11.104 5792==  Uninitialised value was created by a stack allocation
==00:00:00:11.104 5792==    at 0x4001AA0: handle_ld_preload (in /lib/arm-linux-gnueabihf/ld-2.24.so)
==00:00:00:11.104 5792== 
{
   <insert_a_suppression_name_here>
   Memcheck:Value4
   fun:_dl_map_object_deps
}
==00:00:00:11.105 5792== Use of uninitialised value of size 4
==00:00:00:11.105 5792==    at 0x401C17C: memcpy (in /lib/arm-linux-gnueabihf/ld-2.24.so)
==00:00:00:11.105 5792==  Uninitialised value was created by a stack allocation
==00:00:00:11.105 5792==    at 0x4001AA0: handle_ld_preload (in /lib/arm-linux-gnueabihf/ld-2.24.so)
==00:00:00:11.105 5792== 
{
   <insert_a_suppression_name_here>
   Memcheck:Value4
   fun:memcpy
}
==00:00:00:11.114 5792== Conditional jump or move depends on uninitialised value(s)
==00:00:00:11.114 5792==    at 0x401C1B8: memcpy (in /lib/arm-linux-gnueabihf/ld-2.24.so)
==00:00:00:11.114 5792==  Uninitialised value was created by a stack allocation
==00:00:00:11.114 5792==    at 0x401C0F0: memcpy (in /lib/arm-linux-gnueabihf/ld-2.24.so)
==00:00:00:11.114 5792== 
{
   <insert_a_suppression_name_here>
   Memcheck:Cond
   fun:memcpy
}
==00:00:00:11.114 5792== Conditional jump or move depends on uninitialised value(s)
==00:00:00:11.114 5792==    at 0x401C1BC: memcpy (in /lib/arm-linux-gnueabihf/ld-2.24.so)
==00:00:00:11.114 5792==  Uninitialised value was created by a stack allocation
==00:00:00:11.114 5792==    at 0x401C0F0: memcpy (in /lib/arm-linux-gnueabihf/ld-2.24.so)
==00:00:00:11.114 5792== 
{
   <insert_a_suppression_name_here>
   Memcheck:Cond
   fun:memcpy
}
==00:00:00:11.114 5792== Conditional jump or move depends on uninitialised value(s)
==00:00:00:11.115 5792==    at 0x401C1C4: memcpy (in /lib/arm-linux-gnueabihf/ld-2.24.so)
==00:00:00:11.115 5792==  Uninitialised value was created by a stack allocation
==00:00:00:11.115 5792==    at 0x401C0F0: memcpy (in /lib/arm-linux-gnueabihf/ld-2.24.so)
==00:00:00:11.115 5792== 
{
   <insert_a_suppression_name_here>
   Memcheck:Cond
   fun:memcpy
}

: Invalid cuOff = 0x09722
--00:00:00:15.722 5792-- WARNING: Serious error when reading debug info
--00:00:00:15.722 5792-- When reading debug info from /lib/arm-linux-gnueabihf/libpthread-2.24.so:
--00:00:00:15.722 5792-- resolve_variable_types: cuOff does not refer to a known type
